2025-02-08T14:12:28.992+0700 [INFO] [org.gradle.internal.nativeintegration.services.NativeServices] Initialized native services in: /Users/pmq1404/.gradle/native
2025-02-08T14:12:29.011+0700 [INFO] [org.gradle.internal.nativeintegration.services.NativeServices] Initialized jansi services in: /Users/pmq1404/.gradle/native
2025-02-08T14:12:29.017+0700 [LIFECYCLE] [org.gradle.launcher.cli.DebugLoggerWarningAction] 
#############################################################################
   WARNING WARNING WARNING WARNING WARNING WARNING WARNING WARNING WARNING

   Debug level logging will leak security sensitive information!

   For more details, please refer to https://docs.gradle.org/8.10.2/userguide/logging.html#sec:debug_security in the Gradle documentation.
#############################################################################

2025-02-08T14:12:29.048+0700 [INFO] [org.gradle.internal.jvm.inspection.DefaultJvmMetadataDetector] Received JVM installation metadata from '/Library/Java/JavaVirtualMachines/zulu-17.jdk/Contents/Home': {JAVA_HOME=/Library/Java/JavaVirtualMachines/zulu-17.jdk/Contents/Home, JAVA_VERSION=17.0.14, JAVA_VENDOR=Azul Systems, Inc., RUNTIME_NAME=OpenJDK Runtime Environment, RUNTIME_VERSION=17.0.14+7-LTS, VM_NAME=OpenJDK 64-Bit Server VM, VM_VERSION=17.0.14+7-LTS, VM_VENDOR=Azul Systems, Inc., OS_ARCH=aarch64}
2025-02-08T14:12:29.099+0700 [DEBUG] [org.gradle.launcher.daemon.client.DaemonClient] Executing build 5855e603-68d6-453b-ad42-fca2e358e067 in daemon client {pid=82435}
2025-02-08T14:12:29.103+0700 [DEBUG] [org.gradle.internal.remote.internal.inet.InetAddresses] Adding IP addresses for network interface utun5
2025-02-08T14:12:29.103+0700 [DEBUG] [org.gradle.internal.remote.internal.inet.InetAddresses] Is this a loopback interface? false
2025-02-08T14:12:29.103+0700 [DEBUG] [org.gradle.internal.remote.internal.inet.InetAddresses] Adding remote address /fe80:0:0:0:bf36:ab3f:6c85:1935%utun5
2025-02-08T14:12:29.103+0700 [DEBUG] [org.gradle.internal.remote.internal.inet.InetAddresses] Adding IP addresses for network interface utun4
2025-02-08T14:12:29.103+0700 [DEBUG] [org.gradle.internal.remote.internal.inet.InetAddresses] Is this a loopback interface? false
2025-02-08T14:12:29.103+0700 [DEBUG] [org.gradle.internal.remote.internal.inet.InetAddresses] Adding remote address /fe80:0:0:0:6c74:5514:541f:9c2e%utun4
2025-02-08T14:12:29.104+0700 [DEBUG] [org.gradle.internal.remote.internal.inet.InetAddresses] Adding IP addresses for network interface utun3
2025-02-08T14:12:29.104+0700 [DEBUG] [org.gradle.internal.remote.internal.inet.InetAddresses] Is this a loopback interface? false
2025-02-08T14:12:29.104+0700 [DEBUG] [org.gradle.internal.remote.internal.inet.InetAddresses] Adding remote address /fda1:a994:f532:0:0:0:0:2%utun3
2025-02-08T14:12:29.104+0700 [DEBUG] [org.gradle.internal.remote.internal.inet.InetAddresses] Adding remote address /fe80:0:0:0:bed0:74ff:fe98:7ae1%utun3
2025-02-08T14:12:29.104+0700 [DEBUG] [org.gradle.internal.remote.internal.inet.InetAddresses] Adding IP addresses for network interface utun2
2025-02-08T14:12:29.104+0700 [DEBUG] [org.gradle.internal.remote.internal.inet.InetAddresses] Is this a loopback interface? false
2025-02-08T14:12:29.104+0700 [DEBUG] [org.gradle.internal.remote.internal.inet.InetAddresses] Adding remote address /fe80:0:0:0:ce81:b1c:bd2c:69e%utun2
2025-02-08T14:12:29.104+0700 [DEBUG] [org.gradle.internal.remote.internal.inet.InetAddresses] Adding IP addresses for network interface utun1
2025-02-08T14:12:29.104+0700 [DEBUG] [org.gradle.internal.remote.internal.inet.InetAddresses] Is this a loopback interface? false
2025-02-08T14:12:29.104+0700 [DEBUG] [org.gradle.internal.remote.internal.inet.InetAddresses] Adding remote address /fe80:0:0:0:e9c:87dd:436f:3964%utun1
2025-02-08T14:12:29.104+0700 [DEBUG] [org.gradle.internal.remote.internal.inet.InetAddresses] Adding IP addresses for network interface utun0
2025-02-08T14:12:29.104+0700 [DEBUG] [org.gradle.internal.remote.internal.inet.InetAddresses] Is this a loopback interface? false
2025-02-08T14:12:29.104+0700 [DEBUG] [org.gradle.internal.remote.internal.inet.InetAddresses] Adding remote address /fe80:0:0:0:adc:267c:9148:aa2f%utun0
2025-02-08T14:12:29.104+0700 [DEBUG] [org.gradle.internal.remote.internal.inet.InetAddresses] Adding IP addresses for network interface llw0
2025-02-08T14:12:29.104+0700 [DEBUG] [org.gradle.internal.remote.internal.inet.InetAddresses] Is this a loopback interface? false
2025-02-08T14:12:29.104+0700 [DEBUG] [org.gradle.internal.remote.internal.inet.InetAddresses] Adding remote address /fe80:0:0:0:ecc7:3eff:fefc:3dbc%llw0
2025-02-08T14:12:29.104+0700 [DEBUG] [org.gradle.internal.remote.internal.inet.InetAddresses] Adding IP addresses for network interface awdl0
2025-02-08T14:12:29.104+0700 [DEBUG] [org.gradle.internal.remote.internal.inet.InetAddresses] Is this a loopback interface? false
2025-02-08T14:12:29.104+0700 [DEBUG] [org.gradle.internal.remote.internal.inet.InetAddresses] Adding remote address /fe80:0:0:0:ecc7:3eff:fefc:3dbc%awdl0
2025-02-08T14:12:29.104+0700 [DEBUG] [org.gradle.internal.remote.internal.inet.InetAddresses] Adding IP addresses for network interface ap1
2025-02-08T14:12:29.104+0700 [DEBUG] [org.gradle.internal.remote.internal.inet.InetAddresses] Is this a loopback interface? false
2025-02-08T14:12:29.104+0700 [DEBUG] [org.gradle.internal.remote.internal.inet.InetAddresses] Adding remote address /fe80:0:0:0:bcd0:74ff:fe98:7ae1%ap1
2025-02-08T14:12:29.104+0700 [DEBUG] [org.gradle.internal.remote.internal.inet.InetAddresses] Adding IP addresses for network interface anpi2
2025-02-08T14:12:29.104+0700 [DEBUG] [org.gradle.internal.remote.internal.inet.InetAddresses] Is this a loopback interface? false
2025-02-08T14:12:29.104+0700 [DEBUG] [org.gradle.internal.remote.internal.inet.InetAddresses] Adding remote address /fe80:0:0:0:f8a6:78ff:fe91:e3ea%anpi2
2025-02-08T14:12:29.104+0700 [DEBUG] [org.gradle.internal.remote.internal.inet.InetAddresses] Adding IP addresses for network interface anpi0
2025-02-08T14:12:29.104+0700 [DEBUG] [org.gradle.internal.remote.internal.inet.InetAddresses] Is this a loopback interface? false
2025-02-08T14:12:29.104+0700 [DEBUG] [org.gradle.internal.remote.internal.inet.InetAddresses] Adding remote address /fe80:0:0:0:f8a6:78ff:fe91:e3e8%anpi0
2025-02-08T14:12:29.104+0700 [DEBUG] [org.gradle.internal.remote.internal.inet.InetAddresses] Adding IP addresses for network interface anpi1
2025-02-08T14:12:29.104+0700 [DEBUG] [org.gradle.internal.remote.internal.inet.InetAddresses] Is this a loopback interface? false
2025-02-08T14:12:29.104+0700 [DEBUG] [org.gradle.internal.remote.internal.inet.InetAddresses] Adding remote address /fe80:0:0:0:f8a6:78ff:fe91:e3e9%anpi1
2025-02-08T14:12:29.104+0700 [DEBUG] [org.gradle.internal.remote.internal.inet.InetAddresses] Adding IP addresses for network interface en0
2025-02-08T14:12:29.104+0700 [DEBUG] [org.gradle.internal.remote.internal.inet.InetAddresses] Is this a loopback interface? false
2025-02-08T14:12:29.104+0700 [DEBUG] [org.gradle.internal.remote.internal.inet.InetAddresses] Adding remote address /2402:800:6378:9d21:ecd6:26b4:196d:b62b%en0
2025-02-08T14:12:29.104+0700 [DEBUG] [org.gradle.internal.remote.internal.inet.InetAddresses] Adding remote address /2402:800:6378:9d21:108c:c62:e9e:d7f7%en0
2025-02-08T14:12:29.104+0700 [DEBUG] [org.gradle.internal.remote.internal.inet.InetAddresses] Adding remote address /fe80:0:0:0:f1:167b:4a08:5014%en0
2025-02-08T14:12:29.104+0700 [DEBUG] [org.gradle.internal.remote.internal.inet.InetAddresses] Adding remote address /192.168.1.72
2025-02-08T14:12:29.104+0700 [DEBUG] [org.gradle.internal.remote.internal.inet.InetAddresses] Adding IP addresses for network interface lo0
2025-02-08T14:12:29.104+0700 [DEBUG] [org.gradle.internal.remote.internal.inet.InetAddresses] Is this a loopback interface? true
2025-02-08T14:12:29.104+0700 [DEBUG] [org.gradle.internal.remote.internal.inet.InetAddresses] Ignoring remote address on loopback interface /fe80:0:0:0:0:0:0:1%lo0
2025-02-08T14:12:29.104+0700 [DEBUG] [org.gradle.internal.remote.internal.inet.InetAddresses] Adding loopback address /0:0:0:0:0:0:0:1%lo0
2025-02-08T14:12:29.104+0700 [DEBUG] [org.gradle.internal.remote.internal.inet.InetAddresses] Adding loopback address /127.0.0.1
2025-02-08T14:12:29.114+0700 [DEBUG] [org.gradle.cache.internal.DefaultFileLockManager] Waiting to acquire shared lock on daemon addresses registry.
2025-02-08T14:12:29.115+0700 [DEBUG] [org.gradle.cache.internal.DefaultFileLockManager] Lock acquired on daemon addresses registry.
2025-02-08T14:12:29.117+0700 [DEBUG] [org.gradle.cache.internal.DefaultFileLockManager] Releasing lock on daemon addresses registry.
2025-02-08T14:12:29.118+0700 [DEBUG] [org.gradle.internal.remote.internal.inet.TcpOutgoingConnector] Attempting to connect to [883a091a-a8af-4b8b-bd65-902462e79baf port:64725, addresses:[/127.0.0.1]].
2025-02-08T14:12:29.118+0700 [DEBUG] [org.gradle.internal.remote.internal.inet.TcpOutgoingConnector] Trying to connect to address /127.0.0.1.
2025-02-08T14:12:29.120+0700 [DEBUG] [org.gradle.internal.remote.internal.inet.TcpOutgoingConnector] Connected to address /127.0.0.1:64725.
2025-02-08T14:12:29.135+0700 [DEBUG] [org.gradle.launcher.daemon.client.DaemonClient] Connected to daemon DaemonInfo{pid=66263, address=[883a091a-a8af-4b8b-bd65-902462e79baf port:64725, addresses:[/127.0.0.1]], state=Idle, lastBusy=1738998739298, context=DefaultDaemonContext[uid=d8642868-9fdc-43f8-bbb1-e515a0eba006,javaHome=/Library/Java/JavaVirtualMachines/zulu-17.jdk/Contents/Home,javaVersion=17,javaVendor=Azul Systems, Inc.,daemonRegistryDir=/Users/pmq1404/.gradle/daemon,pid=66263,idleTimeout=10800000,priority=NORMAL,applyInstrumentationAgent=true,nativeServicesMode=ENABLED,daemonOpts=-XX:MaxMetaspaceSize=512m,--add-opens=java.base/java.util=ALL-UNNAMED,--add-opens=java.base/java.lang=ALL-UNNAMED,--add-opens=java.base/java.lang.invoke=ALL-UNNAMED,--add-opens=java.prefs/java.util.prefs=ALL-UNNAMED,--add-exports=jdk.compiler/com.sun.tools.javac.api=ALL-UNNAMED,--add-exports=jdk.compiler/com.sun.tools.javac.util=ALL-UNNAMED,--add-opens=java.base/java.nio.charset=ALL-UNNAMED,--add-opens=java.base/java.net=ALL-UNNAMED,--add-opens=java.base/java.util.concurrent.atomic=ALL-UNNAMED,-Xmx2048m,-Dfile.encoding=UTF-8,-Duser.country=VN,-Duser.language=vi,-Duser.variant]}. Dispatching request Build{id=5855e603-68d6-453b-ad42-fca2e358e067, currentDir=/Users/pmq1404/Documents/Company/MobileApp/android}.
2025-02-08T14:12:29.135+0700 [DEBUG] [org.gradle.launcher.daemon.client.DaemonClientConnection] thread 1: dispatching class org.gradle.launcher.daemon.protocol.Build
2025-02-08T14:12:29.145+0700 [DEBUG] [org.gradle.launcher.daemon.client.DaemonClient] Received result org.gradle.launcher.daemon.protocol.BuildStarted@65fe9e33 from daemon DaemonInfo{pid=66263, address=[883a091a-a8af-4b8b-bd65-902462e79baf port:64725, addresses:[/127.0.0.1]], state=Idle, lastBusy=1738998739298, context=DefaultDaemonContext[uid=d8642868-9fdc-43f8-bbb1-e515a0eba006,javaHome=/Library/Java/JavaVirtualMachines/zulu-17.jdk/Contents/Home,javaVersion=17,javaVendor=Azul Systems, Inc.,daemonRegistryDir=/Users/pmq1404/.gradle/daemon,pid=66263,idleTimeout=10800000,priority=NORMAL,applyInstrumentationAgent=true,nativeServicesMode=ENABLED,daemonOpts=-XX:MaxMetaspaceSize=512m,--add-opens=java.base/java.util=ALL-UNNAMED,--add-opens=java.base/java.lang=ALL-UNNAMED,--add-opens=java.base/java.lang.invoke=ALL-UNNAMED,--add-opens=java.prefs/java.util.prefs=ALL-UNNAMED,--add-exports=jdk.compiler/com.sun.tools.javac.api=ALL-UNNAMED,--add-exports=jdk.compiler/com.sun.tools.javac.util=ALL-UNNAMED,--add-opens=java.base/java.nio.charset=ALL-UNNAMED,--add-opens=java.base/java.net=ALL-UNNAMED,--add-opens=java.base/java.util.concurrent.atomic=ALL-UNNAMED,-Xmx2048m,-Dfile.encoding=UTF-8,-Duser.country=VN,-Duser.language=vi,-Duser.variant]} (build should be starting).
2025-02-08T14:12:29.146+0700 [INFO] [org.gradle.launcher.daemon.server.exec.LogToClient] The client will now receive all logging from the daemon (pid: 66263). The daemon log file: /Users/pmq1404/.gradle/daemon/8.10.2/daemon-66263.out.log
2025-02-08T14:12:29.147+0700 [INFO] [org.gradle.launcher.daemon.server.exec.LogAndCheckHealth] Starting 40th build in daemon [uptime: 2 hrs 48 mins 24.425 secs, performance: 95%, GC rate: 0.00/s, heap usage: 0% of 2 GiB, non-heap usage: 7% of 512 MiB]
2025-02-08T14:12:29.148+0700 [DEBUG] [org.gradle.launcher.daemon.server.exec.ExecuteBuild] The daemon has started executing the build.
2025-02-08T14:12:29.148+0700 [DEBUG] [org.gradle.launcher.daemon.server.exec.ExecuteBuild] Executing build with daemon context: DefaultDaemonContext[uid=d8642868-9fdc-43f8-bbb1-e515a0eba006,javaHome=/Library/Java/JavaVirtualMachines/zulu-17.jdk/Contents/Home,javaVersion=17,javaVendor=Azul Systems, Inc.,daemonRegistryDir=/Users/pmq1404/.gradle/daemon,pid=66263,idleTimeout=10800000,priority=NORMAL,applyInstrumentationAgent=true,nativeServicesMode=ENABLED,daemonOpts=-XX:MaxMetaspaceSize=512m,--add-opens=java.base/java.util=ALL-UNNAMED,--add-opens=java.base/java.lang=ALL-UNNAMED,--add-opens=java.base/java.lang.invoke=ALL-UNNAMED,--add-opens=java.prefs/java.util.prefs=ALL-UNNAMED,--add-exports=jdk.compiler/com.sun.tools.javac.api=ALL-UNNAMED,--add-exports=jdk.compiler/com.sun.tools.javac.util=ALL-UNNAMED,--add-opens=java.base/java.nio.charset=ALL-UNNAMED,--add-opens=java.base/java.net=ALL-UNNAMED,--add-opens=java.base/java.util.concurrent.atomic=ALL-UNNAMED,-Xmx2048m,-Dfile.encoding=UTF-8,-Duser.country=VN,-Duser.language=vi,-Duser.variant]
2025-02-08T14:12:29.151+0700 [INFO] [org.gradle.internal.work.DefaultWorkerLeaseService] Using 10 worker leases.
2025-02-08T14:12:29.151+0700 [DEBUG] [org.gradle.internal.resources.AbstractTrackedResourceLock] Daemon worker Thread 15: acquired lock on worker lease
2025-02-08T14:12:29.152+0700 [DEBUG] [org.gradle.internal.operations.DefaultBuildOperationRunner] Build operation 'Run build' started
2025-02-08T14:12:29.157+0700 [DEBUG] [org.gradle.cache.internal.DefaultCacheCoordinator] Creating new cache for fileHashes, path /Users/pmq1404/Documents/Company/MobileApp/android/.gradle/8.10.2/fileHashes/fileHashes.bin, access org.gradle.cache.internal.DefaultCacheCoordinator@54905aa9
2025-02-08T14:12:29.158+0700 [DEBUG] [org.gradle.cache.internal.LockOnDemandCrossProcessCacheAccess] Acquiring file lock for file hash cache (/Users/pmq1404/Documents/Company/MobileApp/android/.gradle/8.10.2/fileHashes)
2025-02-08T14:12:29.159+0700 [DEBUG] [org.gradle.cache.internal.DefaultFileLockManager] Waiting to acquire exclusive lock on file hash cache (/Users/pmq1404/Documents/Company/MobileApp/android/.gradle/8.10.2/fileHashes).
2025-02-08T14:12:29.159+0700 [DEBUG] [org.gradle.cache.internal.DefaultFileLockManager] Lock acquired on file hash cache (/Users/pmq1404/Documents/Company/MobileApp/android/.gradle/8.10.2/fileHashes).
2025-02-08T14:12:29.160+0700 [DEBUG] [org.gradle.cache.internal.DefaultCacheCoordinator] Creating new cache for outputFiles, path /Users/pmq1404/Documents/Company/MobileApp/android/.gradle/buildOutputCleanup/outputFiles.bin, access org.gradle.cache.internal.DefaultCacheCoordinator@3a25c71f
2025-02-08T14:12:29.160+0700 [DEBUG] [org.gradle.cache.internal.LockOnDemandCrossProcessCacheAccess] Acquiring file lock for Build Output Cleanup Cache (/Users/pmq1404/Documents/Company/MobileApp/android/.gradle/buildOutputCleanup)
2025-02-08T14:12:29.160+0700 [DEBUG] [org.gradle.cache.internal.DefaultFileLockManager] Waiting to acquire exclusive lock on Build Output Cleanup Cache (/Users/pmq1404/Documents/Company/MobileApp/android/.gradle/buildOutputCleanup).
2025-02-08T14:12:29.161+0700 [DEBUG] [org.gradle.cache.internal.DefaultFileLockManager] Lock acquired on Build Output Cleanup Cache (/Users/pmq1404/Documents/Company/MobileApp/android/.gradle/buildOutputCleanup).
2025-02-08T14:12:29.161+0700 [DEBUG] [org.gradle.cache.internal.DefaultCacheCoordinator] Creating new cache for resourceHashesCache, path /Users/pmq1404/Documents/Company/MobileApp/android/.gradle/8.10.2/fileHashes/resourceHashesCache.bin, access org.gradle.cache.internal.DefaultCacheCoordinator@54905aa9
2025-02-08T14:12:29.162+0700 [INFO] [org.gradle.internal.watch.registry.impl.WatchableHierarchies] Now considering [/Users/pmq1404/Documents/Company/MobileApp/android] as hierarchies to watch
2025-02-08T14:12:29.163+0700 [INFO] [org.gradle.tooling.internal.provider.FileSystemWatchingBuildActionRunner] Watching the file system is configured to be enabled if available
2025-02-08T14:12:29.163+0700 [DEBUG] [org.gradle.tooling.internal.provider.FileSystemWatchingBuildActionRunner] Watching the file system computed to be enabled if available
2025-02-08T14:12:29.164+0700 [DEBUG] [org.gradle.internal.operations.DefaultBuildOperationRunner] Build operation 'Build started for file system watching' started
2025-02-08T14:12:29.164+0700 [DEBUG] [org.gradle.internal.watch.vfs.impl.DefaultWatchableFileSystemDetector] Detected apfs: / from /dev/disk3s3s1 (remote: false)
2025-02-08T14:12:29.164+0700 [DEBUG] [org.gradle.internal.watch.vfs.impl.DefaultWatchableFileSystemDetector] Detected devfs: /dev from devfs (remote: false)
2025-02-08T14:12:29.164+0700 [DEBUG] [org.gradle.internal.watch.vfs.impl.DefaultWatchableFileSystemDetector] Detected apfs: /System/Volumes/VM from /dev/disk3s6 (remote: false)
2025-02-08T14:12:29.164+0700 [DEBUG] [org.gradle.internal.watch.vfs.impl.DefaultWatchableFileSystemDetector] Detected apfs: /System/Volumes/Preboot from /dev/disk3s4 (remote: false)
2025-02-08T14:12:29.164+0700 [DEBUG] [org.gradle.internal.watch.vfs.impl.DefaultWatchableFileSystemDetector] Detected apfs: /System/Volumes/Update from /dev/disk3s2 (remote: false)
2025-02-08T14:12:29.164+0700 [DEBUG] [org.gradle.internal.watch.vfs.impl.DefaultWatchableFileSystemDetector] Detected apfs: /System/Volumes/xarts from /dev/disk1s2 (remote: false)
2025-02-08T14:12:29.164+0700 [DEBUG] [org.gradle.internal.watch.vfs.impl.DefaultWatchableFileSystemDetector] Detected apfs: /System/Volumes/iSCPreboot from /dev/disk1s1 (remote: false)
2025-02-08T14:12:29.165+0700 [DEBUG] [org.gradle.internal.watch.vfs.impl.DefaultWatchableFileSystemDetector] Detected apfs: /System/Volumes/Hardware from /dev/disk1s3 (remote: false)
2025-02-08T14:12:29.165+0700 [DEBUG] [org.gradle.internal.watch.vfs.impl.DefaultWatchableFileSystemDetector] Detected apfs: /System/Volumes/Data from /dev/disk3s1 (remote: false)
2025-02-08T14:12:29.165+0700 [DEBUG] [org.gradle.internal.watch.vfs.impl.DefaultWatchableFileSystemDetector] Detected autofs: /System/Volumes/Data/home from map auto_home (remote: true)
2025-02-08T14:12:29.165+0700 [DEBUG] [org.gradle.internal.watch.vfs.impl.DefaultWatchableFileSystemDetector] Detected apfs: /Library/Developer/CoreSimulator/Volumes/iOS_21C62 from /dev/disk5s1 (remote: false)
2025-02-08T14:12:29.165+0700 [DEBUG] [org.gradle.internal.watch.vfs.impl.DefaultWatchableFileSystemDetector] Detected apfs: /System/Volumes/Update/SFR/mnt1 from /dev/disk2s1 (remote: false)
2025-02-08T14:12:29.165+0700 [DEBUG] [org.gradle.internal.watch.vfs.impl.DefaultWatchableFileSystemDetector] Detected apfs: /System/Volumes/Update/mnt1 from /dev/disk3s3 (remote: false)
2025-02-08T14:12:29.165+0700 [DEBUG] [org.gradle.internal.watch.vfs.impl.DefaultWatchableFileSystemDetector] Detected nullfs: /private/var/folders/fz/pn11r34x5s176j2bt0cpczsc0000gn/X/9FA96B33-F71B-5E06-8A19-BFD2CE42DAAD from /Applications/EnTrade X.app/Wrapper (remote: false)
2025-02-08T14:12:29.165+0700 [DEBUG] [org.gradle.internal.watch.vfs.impl.DefaultWatchableFileSystemDetector] Detected nullfs: /private/var/folders/fz/pn11r34x5s176j2bt0cpczsc0000gn/X/2C81427D-F602-562F-83BC-C3C7B369C353 from /Applications/Infina.app/Wrapper (remote: false)
2025-02-08T14:12:29.166+0700 [DEBUG] [org.gradle.internal.operations.DefaultBuildOperationRunner] Completing Build operation 'Build started for file system watching'
2025-02-08T14:12:29.166+0700 [DEBUG] [org.gradle.internal.operations.DefaultBuildOperationRunner] Build operation 'Build started for file system watching' completed
2025-02-08T14:12:29.166+0700 [INFO] [org.gradle.tooling.internal.provider.FileSystemWatchingBuildActionRunner] File system watching is active
2025-02-08T14:12:29.166+0700 [DEBUG] [org.gradle.internal.operations.DefaultBuildOperationRunner] Build operation 'Load build' started
2025-02-08T14:12:29.166+0700 [DEBUG] [org.gradle.initialization.properties.DefaultProjectPropertiesLoader] Found env project properties: []
2025-02-08T14:12:29.166+0700 [DEBUG] [org.gradle.initialization.properties.DefaultProjectPropertiesLoader] Found system project properties: []
2025-02-08T14:12:29.166+0700 [DEBUG] [org.gradle.internal.operations.DefaultBuildOperationRunner] Build operation 'Evaluate settings' started
2025-02-08T14:12:29.166+0700 [DEBUG] [org.gradle.cache.internal.DefaultCacheCoordinator] Creating new cache for workingDirs, path /Users/pmq1404/Documents/Company/MobileApp/android/.gradle/8.10.2/vcsMetadata/workingDirs.bin, access org.gradle.cache.internal.DefaultCacheCoordinator@5ab236f0
2025-02-08T14:12:29.167+0700 [DEBUG] [org.gradle.cache.internal.DefaultCacheCoordinator] Creating new cache for md5-checksums, path /Users/pmq1404/Documents/Company/MobileApp/android/.gradle/8.10.2/checksums/md5-checksums.bin, access org.gradle.cache.internal.DefaultCacheCoordinator@40477990
2025-02-08T14:12:29.167+0700 [DEBUG] [org.gradle.cache.internal.LockOnDemandCrossProcessCacheAccess] Acquiring file lock for checksums cache (/Users/pmq1404/Documents/Company/MobileApp/android/.gradle/8.10.2/checksums)
2025-02-08T14:12:29.167+0700 [DEBUG] [org.gradle.cache.internal.DefaultFileLockManager] Waiting to acquire exclusive lock on checksums cache (/Users/pmq1404/Documents/Company/MobileApp/android/.gradle/8.10.2/checksums).
2025-02-08T14:12:29.167+0700 [DEBUG] [org.gradle.cache.internal.DefaultFileLockManager] Lock acquired on checksums cache (/Users/pmq1404/Documents/Company/MobileApp/android/.gradle/8.10.2/checksums).
2025-02-08T14:12:29.167+0700 [DEBUG] [org.gradle.cache.internal.DefaultCacheCoordinator] Creating new cache for sha1-checksums, path /Users/pmq1404/Documents/Company/MobileApp/android/.gradle/8.10.2/checksums/sha1-checksums.bin, access org.gradle.cache.internal.DefaultCacheCoordinator@40477990
2025-02-08T14:12:29.167+0700 [DEBUG] [org.gradle.cache.internal.DefaultCacheCoordinator] Creating new cache for sha256-checksums, path /Users/pmq1404/Documents/Company/MobileApp/android/.gradle/8.10.2/checksums/sha256-checksums.bin, access org.gradle.cache.internal.DefaultCacheCoordinator@40477990
2025-02-08T14:12:29.167+0700 [DEBUG] [org.gradle.cache.internal.DefaultCacheCoordinator] Creating new cache for sha512-checksums, path /Users/pmq1404/Documents/Company/MobileApp/android/.gradle/8.10.2/checksums/sha512-checksums.bin, access org.gradle.cache.internal.DefaultCacheCoordinator@40477990
2025-02-08T14:12:29.167+0700 [DEBUG] [org.gradle.api.internal.artifacts.mvnsettings.DefaultLocalMavenRepositoryLocator] No local repository in Settings file defined. Using default path: /Users/pmq1404/.m2/repository
2025-02-08T14:12:29.168+0700 [DEBUG] [org.gradle.cache.internal.DefaultCacheCoordinator] Creating new cache for md-rule, path /Users/pmq1404/.gradle/caches/8.10.2/md-rule/md-rule.bin, access org.gradle.cache.internal.DefaultCacheCoordinator@13814fdf
2025-02-08T14:12:29.168+0700 [DEBUG] [org.gradle.cache.internal.LockOnDemandCrossProcessCacheAccess] Acquiring file lock for cache directory md-rule (/Users/pmq1404/.gradle/caches/8.10.2/md-rule)
2025-02-08T14:12:29.168+0700 [DEBUG] [org.gradle.cache.internal.DefaultFileLockManager] Waiting to acquire exclusive lock on cache directory md-rule (/Users/pmq1404/.gradle/caches/8.10.2/md-rule).
2025-02-08T14:12:29.168+0700 [DEBUG] [org.gradle.cache.internal.DefaultFileLockManager] Lock acquired on cache directory md-rule (/Users/pmq1404/.gradle/caches/8.10.2/md-rule).
2025-02-08T14:12:29.169+0700 [DEBUG] [org.gradle.cache.internal.DefaultCacheCoordinator] Creating new cache for md-supplier, path /Users/pmq1404/.gradle/caches/8.10.2/md-supplier/md-supplier.bin, access org.gradle.cache.internal.DefaultCacheCoordinator@531b7a58
2025-02-08T14:12:29.169+0700 [DEBUG] [org.gradle.cache.internal.LockOnDemandCrossProcessCacheAccess] Acquiring file lock for cache directory md-supplier (/Users/pmq1404/.gradle/caches/8.10.2/md-supplier)
2025-02-08T14:12:29.169+0700 [DEBUG] [org.gradle.cache.internal.DefaultFileLockManager] Waiting to acquire exclusive lock on cache directory md-supplier (/Users/pmq1404/.gradle/caches/8.10.2/md-supplier).
2025-02-08T14:12:29.169+0700 [DEBUG] [org.gradle.cache.internal.DefaultFileLockManager] Lock acquired on cache directory md-supplier (/Users/pmq1404/.gradle/caches/8.10.2/md-supplier).
2025-02-08T14:12:29.169+0700 [DEBUG] [org.gradle.internal.locking.LockFileReaderWriter] Lockfiles root: /Users/pmq1404/Documents/Company/MobileApp/android/gradle/dependency-locks
2025-02-08T14:12:29.170+0700 [INFO] [org.gradle.internal.buildevents.BuildLogger] Starting Build
2025-02-08T14:12:29.170+0700 [DEBUG] [org.gradle.internal.buildevents.BuildLogger] Gradle user home: /Users/pmq1404/.gradle
2025-02-08T14:12:29.170+0700 [DEBUG] [org.gradle.internal.buildevents.BuildLogger] Current dir: /Users/pmq1404/Documents/Company/MobileApp/android
2025-02-08T14:12:29.170+0700 [DEBUG] [org.gradle.internal.buildevents.BuildLogger] Settings file: null
2025-02-08T14:12:29.170+0700 [DEBUG] [org.gradle.internal.buildevents.BuildLogger] Build file: null
2025-02-08T14:12:29.170+0700 [DEBUG] [org.gradle.internal.operations.DefaultBuildOperationRunner] Build operation 'Apply settings file 'settings.gradle' to settings 'android'' started
2025-02-08T14:12:29.173+0700 [INFO] [org.gradle.internal.watch.registry.impl.WatchableHierarchies] Now considering [/Users/pmq1404/Documents/Company/MobileApp/node_modules/@react-native/gradle-plugin, /Users/pmq1404/Documents/Company/MobileApp/android] as hierarchies to watch
2025-02-08T14:12:29.174+0700 [DEBUG] [org.gradle.cache.internal.DefaultCacheCoordinator] Creating new cache for outputFiles, path /Users/pmq1404/Documents/Company/MobileApp/node_modules/@react-native/gradle-plugin/.gradle/buildOutputCleanup/outputFiles.bin, access org.gradle.cache.internal.DefaultCacheCoordinator@6b0a33e8
2025-02-08T14:12:29.174+0700 [DEBUG] [org.gradle.cache.internal.LockOnDemandCrossProcessCacheAccess] Acquiring file lock for Build Output Cleanup Cache (/Users/pmq1404/Documents/Company/MobileApp/node_modules/@react-native/gradle-plugin/.gradle/buildOutputCleanup)
2025-02-08T14:12:29.174+0700 [DEBUG] [org.gradle.internal.operations.DefaultBuildOperationRunner] Completing Build operation 'Apply settings file 'settings.gradle' to settings 'android''
2025-02-08T14:12:29.174+0700 [DEBUG] [org.gradle.internal.operations.DefaultBuildOperationRunner] Build operation 'Apply settings file 'settings.gradle' to settings 'android'' completed
2025-02-08T14:12:29.174+0700 [DEBUG] [org.gradle.internal.operations.DefaultBuildOperationRunner] Completing Build operation 'Evaluate settings'
2025-02-08T14:12:29.174+0700 [DEBUG] [org.gradle.internal.operations.DefaultBuildOperationRunner] Build operation 'Evaluate settings' completed
2025-02-08T14:12:29.174+0700 [DEBUG] [org.gradle.internal.operations.DefaultBuildOperationRunner] Completing Build operation 'Load build'
2025-02-08T14:12:29.174+0700 [DEBUG] [org.gradle.internal.operations.DefaultBuildOperationRunner] Build operation 'Load build' completed
2025-02-08T14:12:29.174+0700 [DEBUG] [org.gradle.internal.operations.DefaultBuildOperationRunner] Build operation 'Finish root build tree' started
2025-02-08T14:12:29.174+0700 [DEBUG] [org.gradle.cache.internal.DefaultCacheCoordinator] Creating new cache for outputFiles, path /Users/pmq1404/Documents/Company/MobileApp/node_modules/@react-native/gradle-plugin/.gradle/buildOutputCleanup/outputFiles.bin, access org.gradle.cache.internal.DefaultCacheCoordinator@6b0a33e8
2025-02-08T14:12:29.174+0700 [DEBUG] [org.gradle.cache.internal.LockOnDemandCrossProcessCacheAccess] Acquiring file lock for Build Output Cleanup Cache (/Users/pmq1404/Documents/Company/MobileApp/node_modules/@react-native/gradle-plugin/.gradle/buildOutputCleanup)
2025-02-08T14:12:29.175+0700 [DEBUG] [org.gradle.internal.operations.DefaultBuildOperationRunner] Completing Build operation 'Finish root build tree'
2025-02-08T14:12:29.175+0700 [DEBUG] [org.gradle.internal.operations.DefaultBuildOperationRunner] Build operation 'Finish root build tree' completed
2025-02-08T14:12:29.175+0700 [DEBUG] [org.gradle.internal.operations.DefaultBuildOperationRunner] Build operation 'Build finished for file system watching' started
2025-02-08T14:12:29.175+0700 [INFO] [org.gradle.internal.watch.registry.impl.HierarchicalFileWatcherUpdater] Watched directory hierarchies: []
2025-02-08T14:12:29.175+0700 [DEBUG] [org.gradle.internal.operations.DefaultBuildOperationRunner] Completing Build operation 'Build finished for file system watching'
2025-02-08T14:12:29.175+0700 [DEBUG] [org.gradle.internal.operations.DefaultBuildOperationRunner] Build operation 'Build finished for file system watching' completed
2025-02-08T14:12:29.176+0700 [DEBUG] [org.gradle.cache.internal.LockOnDemandCrossProcessCacheAccess] Releasing file lock for cache directory md-supplier (/Users/pmq1404/.gradle/caches/8.10.2/md-supplier)
2025-02-08T14:12:29.176+0700 [DEBUG] [org.gradle.cache.internal.DefaultFileLockManager] Releasing lock on cache directory md-supplier (/Users/pmq1404/.gradle/caches/8.10.2/md-supplier).
2025-02-08T14:12:29.176+0700 [DEBUG] [org.gradle.cache.internal.LockOnDemandCrossProcessCacheAccess] Releasing file lock for Build Output Cleanup Cache (/Users/pmq1404/Documents/Company/MobileApp/android/.gradle/buildOutputCleanup)
2025-02-08T14:12:29.176+0700 [DEBUG] [org.gradle.cache.internal.DefaultFileLockManager] Releasing lock on Build Output Cleanup Cache (/Users/pmq1404/Documents/Company/MobileApp/android/.gradle/buildOutputCleanup).
2025-02-08T14:12:29.176+0700 [DEBUG] [org.gradle.cache.internal.LockOnDemandCrossProcessCacheAccess] Releasing file lock for cache directory md-rule (/Users/pmq1404/.gradle/caches/8.10.2/md-rule)
2025-02-08T14:12:29.176+0700 [DEBUG] [org.gradle.cache.internal.DefaultFileLockManager] Releasing lock on cache directory md-rule (/Users/pmq1404/.gradle/caches/8.10.2/md-rule).
2025-02-08T14:12:29.176+0700 [DEBUG] [org.gradle.api.internal.artifacts.ivyservice.resolveengine.store.ResolutionResultsStoreFactory] Deleted 0 resolution results binary files in 0.0 secs
2025-02-08T14:12:29.176+0700 [DEBUG] [org.gradle.internal.operations.DefaultBuildOperationRunner] Completing Build operation 'Run build'
2025-02-08T14:12:29.176+0700 [DEBUG] [org.gradle.internal.operations.DefaultBuildOperationRunner] Build operation 'Run build' completed
2025-02-08T14:12:29.176+0700 [DEBUG] [org.gradle.internal.resources.AbstractTrackedResourceLock] Daemon worker Thread 15: released lock on worker lease
2025-02-08T14:12:29.180+0700 [DEBUG] [org.gradle.deployment.internal.DefaultDeploymentRegistry] Stopping 0 deployment handles
2025-02-08T14:12:29.180+0700 [DEBUG] [org.gradle.deployment.internal.DefaultDeploymentRegistry] Stopped deployment handles
2025-02-08T14:12:29.180+0700 [DEBUG] [org.gradle.cache.internal.LockOnDemandCrossProcessCacheAccess] Releasing file lock for file hash cache (/Users/pmq1404/Documents/Company/MobileApp/android/.gradle/8.10.2/fileHashes)
2025-02-08T14:12:29.180+0700 [DEBUG] [org.gradle.cache.internal.DefaultFileLockManager] Releasing lock on file hash cache (/Users/pmq1404/Documents/Company/MobileApp/android/.gradle/8.10.2/fileHashes).
2025-02-08T14:12:29.180+0700 [DEBUG] [org.gradle.cache.internal.LockOnDemandCrossProcessCacheAccess] Releasing file lock for checksums cache (/Users/pmq1404/Documents/Company/MobileApp/android/.gradle/8.10.2/checksums)
2025-02-08T14:12:29.180+0700 [DEBUG] [org.gradle.cache.internal.DefaultFileLockManager] Releasing lock on checksums cache (/Users/pmq1404/Documents/Company/MobileApp/android/.gradle/8.10.2/checksums).
2025-02-08T14:12:29.181+0700 [DEBUG] [org.gradle.cache.internal.DefaultCacheCleanupExecutor] VCS Checkout Cache (/Users/pmq1404/Documents/Company/MobileApp/android/.gradle/vcs-1) has last been fully cleaned up 2 hours ago
2025-02-08T14:12:29.181+0700 [DEBUG] [org.gradle.cache.internal.DefaultCacheCleanupExecutor] Skipping cleanup for VCS Checkout Cache (/Users/pmq1404/Documents/Company/MobileApp/android/.gradle/vcs-1) as it is not yet due
2025-02-08T14:12:29.181+0700 [DEBUG] [org.gradle.cache.internal.DefaultCacheCoordinator] Cache VCS Checkout Cache (/Users/pmq1404/Documents/Company/MobileApp/android/.gradle/vcs-1) was closed 0 times.
2025-02-08T14:12:29.181+0700 [DEBUG] [org.gradle.cache.internal.DefaultCacheCoordinator] Cache VCS metadata (/Users/pmq1404/Documents/Company/MobileApp/android/.gradle/8.10.2/vcsMetadata) was closed 0 times.
2025-02-08T14:12:29.181+0700 [DEBUG] [org.gradle.cache.internal.DefaultCacheCoordinator] Cache Compressed Files Expansion Cache (/Users/pmq1404/Documents/Company/MobileApp/android/.gradle/8.10.2/expanded) was closed 0 times.
2025-02-08T14:12:29.181+0700 [DEBUG] [org.gradle.internal.operations.DefaultBuildOperationRunner] Build operation 'Deleting unused version-specific caches in /Users/pmq1404/Documents/Company/MobileApp/android/.gradle' started
2025-02-08T14:12:29.181+0700 [DEBUG] [org.gradle.internal.operations.DefaultBuildOperationRunner] Completing Build operation 'Deleting unused version-specific caches in /Users/pmq1404/Documents/Company/MobileApp/android/.gradle'
2025-02-08T14:12:29.181+0700 [DEBUG] [org.gradle.internal.operations.DefaultBuildOperationRunner] Build operation 'Deleting unused version-specific caches in /Users/pmq1404/Documents/Company/MobileApp/android/.gradle' completed
2025-02-08T14:12:29.183+0700 [DEBUG] [org.gradle.launcher.daemon.server.exec.ExecuteBuild] The daemon has finished executing the build.
2025-02-08T14:12:29.208+0700 [DEBUG] [org.gradle.launcher.daemon.client.DaemonClientConnection] thread 1: dispatching class org.gradle.launcher.daemon.protocol.CloseInput
2025-02-08T14:12:29.208+0700 [DEBUG] [org.gradle.launcher.daemon.client.DaemonClient] Received result Success[value=org.gradle.launcher.exec.BuildActionResult@3a0d172f] from daemon DaemonInfo{pid=66263, address=[883a091a-a8af-4b8b-bd65-902462e79baf port:64725, addresses:[/127.0.0.1]], state=Idle, lastBusy=1738998739298, context=DefaultDaemonContext[uid=d8642868-9fdc-43f8-bbb1-e515a0eba006,javaHome=/Library/Java/JavaVirtualMachines/zulu-17.jdk/Contents/Home,javaVersion=17,javaVendor=Azul Systems, Inc.,daemonRegistryDir=/Users/pmq1404/.gradle/daemon,pid=66263,idleTimeout=10800000,priority=NORMAL,applyInstrumentationAgent=true,nativeServicesMode=ENABLED,daemonOpts=-XX:MaxMetaspaceSize=512m,--add-opens=java.base/java.util=ALL-UNNAMED,--add-opens=java.base/java.lang=ALL-UNNAMED,--add-opens=java.base/java.lang.invoke=ALL-UNNAMED,--add-opens=java.prefs/java.util.prefs=ALL-UNNAMED,--add-exports=jdk.compiler/com.sun.tools.javac.api=ALL-UNNAMED,--add-exports=jdk.compiler/com.sun.tools.javac.util=ALL-UNNAMED,--add-opens=java.base/java.nio.charset=ALL-UNNAMED,--add-opens=java.base/java.net=ALL-UNNAMED,--add-opens=java.base/java.util.concurrent.atomic=ALL-UNNAMED,-Xmx2048m,-Dfile.encoding=UTF-8,-Duser.country=VN,-Duser.language=vi,-Duser.variant]} (build should be done).
2025-02-08T14:12:29.208+0700 [DEBUG] [org.gradle.launcher.daemon.client.DaemonClientConnection] thread 1: dispatching class org.gradle.launcher.daemon.protocol.Finished
2025-02-08T14:12:29.208+0700 [DEBUG] [org.gradle.launcher.daemon.client.DaemonClientConnection] thread 1: connection stop
2025-02-08T14:12:29.209+0700 [LIFECYCLE] [org.gradle.launcher.cli.DebugLoggerWarningAction] 
#############################################################################
   WARNING WARNING WARNING WARNING WARNING WARNING WARNING WARNING WARNING

   Debug level logging will leak security sensitive information!

   For more details, please refer to https://docs.gradle.org/8.10.2/userguide/logging.html#sec:debug_security in the Gradle documentation.
#############################################################################

